18:50:42 **** Build of configuration Debug for project stm32f407_drivers ****
make -j4 all 
arm-none-eabi-gcc "../drivers/Src/stm32f407_gpio_driver.c" -mcpu=cortex-m4 -std=gnu11 -g3 -DDEBUG -DSTM32 -DSTM32F407G_DISC1 -DSTM32F4 -DSTM32F407VGTx -c -I../Inc -I"C:/Users/rafae/Documents/Embedded-C/MCU1-Course/MCU1/stm32f407_drivers/drivers/Inc" -O0 -ffunction-sections -fdata-sections -Wall -fstack-usage -MMD -MP -MF"drivers/Src/stm32f407_gpio_driver.d" -MT"drivers/Src/stm32f407_gpio_driver.o" --specs=nano.specs -mfloat-abi=soft -mthumb -o "drivers/Src/stm32f407_gpio_driver.o"
arm-none-eabi-gcc "../drivers/Src/stm32f407xx_spi_driver.c" -mcpu=cortex-m4 -std=gnu11 -g3 -DDEBUG -DSTM32 -DSTM32F407G_DISC1 -DSTM32F4 -DSTM32F407VGTx -c -I../Inc -I"C:/Users/rafae/Documents/Embedded-C/MCU1-Course/MCU1/stm32f407_drivers/drivers/Inc" -O0 -ffunction-sections -fdata-sections -Wall -fstack-usage -MMD -MP -MF"drivers/Src/stm32f407xx_spi_driver.d" -MT"drivers/Src/stm32f407xx_spi_driver.o" --specs=nano.specs -mfloat-abi=soft -mthumb -o "drivers/Src/stm32f407xx_spi_driver.o"
arm-none-eabi-gcc -mcpu=cortex-m4 -g3 -DDEBUG -c -x assembler-with-cpp -MMD -MP -MF"Startup/startup_stm32f407vgtx.d" -MT"Startup/startup_stm32f407vgtx.o" --specs=nano.specs -mfloat-abi=soft -mthumb -o "Startup/startup_stm32f407vgtx.o" "../Startup/startup_stm32f407vgtx.s"
arm-none-eabi-gcc "../Src/009spi_message_rcv_it.c" -mcpu=cortex-m4 -std=gnu11 -g3 -DDEBUG -DSTM32 -DSTM32F407G_DISC1 -DSTM32F4 -DSTM32F407VGTx -c -I../Inc -I"C:/Users/rafae/Documents/Embedded-C/MCU1-Course/MCU1/stm32f407_drivers/drivers/Inc" -O0 -ffunction-sections -fdata-sections -Wall -fstack-usage -MMD -MP -MF"Src/009spi_message_rcv_it.d" -MT"Src/009spi_message_rcv_it.o" --specs=nano.specs -mfloat-abi=soft -mthumb -o "Src/009spi_message_rcv_it.o"
../Src/009spi_message_rcv_it.c: In function 'main':
../Src/009spi_message_rcv_it.c:132:43: warning: passing argument 2 of 'SPI_ReceiveDataIT' discards 'volatile' qualifier from pointer target type [-Wdiscarded-qualifiers]
  132 |    while ( SPI_ReceiveDataIT(&SPI2Handle, &ReadByte, 1) == SPI_BUSY_IN_RX );
      |                                           ^~~~~~~~~
In file included from C:/Users/rafae/Documents/Embedded-C/MCU1-Course/MCU1/stm32f407_drivers/drivers/Inc/stm32f407xx.h:468,
                 from ../Src/009spi_message_rcv_it.c:16:
C:/Users/rafae/Documents/Embedded-C/MCU1-Course/MCU1/stm32f407_drivers/drivers/Inc/stm32f407xx_spi_driver.h:191:62: note: expected 'uint8_t *' {aka 'unsigned char *'} but argument is of type 'volatile char *'
  191 | uint8_t SPI_ReceiveDataIT(SPI_Handle_t *pSPIHandle, uint8_t *pRxBuffer, uint32_t Len);
      |                                                     ~~~~~~~~~^~~~~~~~~
arm-none-eabi-gcc "../Src/syscalls.c" -mcpu=cortex-m4 -std=gnu11 -g3 -DDEBUG -DSTM32 -DSTM32F407G_DISC1 -DSTM32F4 -DSTM32F407VGTx -c -I../Inc -I"C:/Users/rafae/Documents/Embedded-C/MCU1-Course/MCU1/stm32f407_drivers/drivers/Inc" -O0 -ffunction-sections -fdata-sections -Wall -fstack-usage -MMD -MP -MF"Src/syscalls.d" -MT"Src/syscalls.o" --specs=nano.specs -mfloat-abi=soft -mthumb -o "Src/syscalls.o"
arm-none-eabi-gcc "../Src/sysmem.c" -mcpu=cortex-m4 -std=gnu11 -g3 -DDEBUG -DSTM32 -DSTM32F407G_DISC1 -DSTM32F4 -DSTM32F407VGTx -c -I../Inc -I"C:/Users/rafae/Documents/Embedded-C/MCU1-Course/MCU1/stm32f407_drivers/drivers/Inc" -O0 -ffunction-sections -fdata-sections -Wall -fstack-usage -MMD -MP -MF"Src/sysmem.d" -MT"Src/sysmem.o" --specs=nano.specs -mfloat-abi=soft -mthumb -o "Src/sysmem.o"
arm-none-eabi-gcc -o "stm32f407_drivers.elf" @"objects.list"   -mcpu=cortex-m4 -T"C:\Users\rafae\Documents\Embedded-C\MCU1-Course\MCU1\stm32f407_drivers\STM32F407VGTX_FLASH.ld" --specs=nosys.specs -Wl,-Map="stm32f407_drivers.map" -Wl,--gc-sections -static --specs=nano.specs -mfloat-abi=soft -mthumb -Wl,--start-group -lc -lm -Wl,--end-group
Finished building target: stm32f407_drivers.elf
 
arm-none-eabi-size   stm32f407_drivers.elf 
arm-none-eabi-objdump -h -S  stm32f407_drivers.elf  > "stm32f407_drivers.list"
   text	   data	    bss	    dec	    hex	filename
   8968	    108	   2124	  11200	   2bc0	stm32f407_drivers.elf
Finished building: default.size.stdout
 
Finished building: stm32f407_drivers.list
 
18:50:51 **** Incremental Build of configuration Debug for project stm32f407_drivers ****
make -j4 all 
arm-none-eabi-size   stm32f407_drivers.elf 
   text	   data	    bss	    dec	    hex	filename
   8968	    108	   2124	  11200	   2bc0	stm32f407_drivers.elf
Finished building: default.size.stdout
 
18:52:28 **** Incremental Build of configuration Debug for project stm32f407_drivers ****
make -j4 all 
arm-none-eabi-gcc "../Src/009spi_message_rcv_it.c" -mcpu=cortex-m4 -std=gnu11 -g3 -DDEBUG -DSTM32 -DSTM32F407G_DISC1 -DSTM32F4 -DSTM32F407VGTx -c -I../Inc -I"C:/Users/rafae/Documents/Embedded-C/MCU1-Course/MCU1/stm32f407_drivers/drivers/Inc" -O0 -ffunction-sections -fdata-sections -Wall -fstack-usage -MMD -MP -MF"Src/009spi_message_rcv_it.d" -MT"Src/009spi_message_rcv_it.o" --specs=nano.specs -mfloat-abi=soft -mthumb -o "Src/009spi_message_rcv_it.o"
../Src/009spi_message_rcv_it.c: In function 'main':
../Src/009spi_message_rcv_it.c:132:43: warning: passing argument 2 of 'SPI_ReceiveDataIT' discards 'volatile' qualifier from pointer target type [-Wdiscarded-qualifiers]
  132 |    while ( SPI_ReceiveDataIT(&SPI2Handle, &ReadByte, 1) == SPI_BUSY_IN_RX );
      |                                           ^~~~~~~~~
In file included from C:/Users/rafae/Documents/Embedded-C/MCU1-Course/MCU1/stm32f407_drivers/drivers/Inc/stm32f407xx.h:468,
                 from ../Src/009spi_message_rcv_it.c:16:
C:/Users/rafae/Documents/Embedded-C/MCU1-Course/MCU1/stm32f407_drivers/drivers/Inc/stm32f407xx_spi_driver.h:191:62: note: expected 'uint8_t *' {aka 'unsigned char *'} but argument is of type 'volatile char *'
  191 | uint8_t SPI_ReceiveDataIT(SPI_Handle_t *pSPIHandle, uint8_t *pRxBuffer, uint32_t Len);
      |                                                     ~~~~~~~~~^~~~~~~~~
arm-none-eabi-gcc -o "stm32f407_drivers.elf" @"objects.list"   -mcpu=cortex-m4 -T"C:\Users\rafae\Documents\Embedded-C\MCU1-Course\MCU1\stm32f407_drivers\STM32F407VGTX_FLASH.ld" --specs=nosys.specs -Wl,-Map="stm32f407_drivers.map" -Wl,--gc-sections -static --specs=nano.specs -mfloat-abi=soft -mthumb -Wl,--start-group -lc -lm -Wl,--end-group
Finished building target: stm32f407_drivers.elf
 
arm-none-eabi-size   stm32f407_drivers.elf 
arm-none-eabi-objdump -h -S  stm32f407_drivers.elf  > "stm32f407_drivers.list"
   text	   data	    bss	    dec	    hex	filename
   9220	    108	   2124	  11452	   2cbc	stm32f407_drivers.elf
Finished building: default.size.stdout
 
Finished building: stm32f407_drivers.list
 
18:54:21 **** Incremental Build of configuration Debug for project stm32f407_drivers ****
make -j4 all 
arm-none-eabi-gcc "../Src/009spi_message_rcv_it.c" -mcpu=cortex-m4 -std=gnu11 -g3 -DDEBUG -DSTM32 -DSTM32F407G_DISC1 -DSTM32F4 -DSTM32F407VGTx -c -I../Inc -I"C:/Users/rafae/Documents/Embedded-C/MCU1-Course/MCU1/stm32f407_drivers/drivers/Inc" -O0 -ffunction-sections -fdata-sections -Wall -fstack-usage -MMD -MP -MF"Src/009spi_message_rcv_it.d" -MT"Src/009spi_message_rcv_it.o" --specs=nano.specs -mfloat-abi=soft -mthumb -o "Src/009spi_message_rcv_it.o"
../Src/009spi_message_rcv_it.c: In function 'main':
../Src/009spi_message_rcv_it.c:132:43: warning: passing argument 2 of 'SPI_ReceiveDataIT' discards 'volatile' qualifier from pointer target type [-Wdiscarded-qualifiers]
  132 |    while ( SPI_ReceiveDataIT(&SPI2Handle, &ReadByte, 1) == SPI_BUSY_IN_RX );
      |                                           ^~~~~~~~~
In file included from C:/Users/rafae/Documents/Embedded-C/MCU1-Course/MCU1/stm32f407_drivers/drivers/Inc/stm32f407xx.h:468,
                 from ../Src/009spi_message_rcv_it.c:16:
C:/Users/rafae/Documents/Embedded-C/MCU1-Course/MCU1/stm32f407_drivers/drivers/Inc/stm32f407xx_spi_driver.h:191:62: note: expected 'uint8_t *' {aka 'unsigned char *'} but argument is of type 'volatile char *'
  191 | uint8_t SPI_ReceiveDataIT(SPI_Handle_t *pSPIHandle, uint8_t *pRxBuffer, uint32_t Len);
      |                                                     ~~~~~~~~~^~~~~~~~~
arm-none-eabi-gcc -o "stm32f407_drivers.elf" @"objects.list"   -mcpu=cortex-m4 -T"C:\Users\rafae\Documents\Embedded-C\MCU1-Course\MCU1\stm32f407_drivers\STM32F407VGTX_FLASH.ld" --specs=nosys.specs -Wl,-Map="stm32f407_drivers.map" -Wl,--gc-sections -static --specs=nano.specs -mfloat-abi=soft -mthumb -Wl,--start-group -lc -lm -Wl,--end-group
Finished building target: stm32f407_drivers.elf
 
arm-none-eabi-size   stm32f407_drivers.elf 
arm-none-eabi-objdump -h -S  stm32f407_drivers.elf  > "stm32f407_drivers.list"
   text	   data	    bss	    dec	    hex	filename
   8968	    108	   2124	  11200	   2bc0	stm32f407_drivers.elf
Finished building: default.size.stdout
 
Finished building: stm32f407_drivers.list
 
